# JRE version: Java(TM) SE Runtime Environment (8.0_131-b11) (build 1.8.0_131-b11)
# Java VM: Java HotSpot(TM) 64-Bit Server VM (25.131-b11 mixed mode linux-amd64 compressed oops)
Heap:
 def new generation   total 19648K, used 240K [0x00000000f0800000, 0x00000000f1d50000, 0x00000000f5aa0000)
  eden space 17472K,   1% used [0x00000000f0800000, 0x00000000f083c218, 0x00000000f1910000)
  from space 2176K,   0% used [0x00000000f1b30000, 0x00000000f1b30000, 0x00000000f1d50000)
  to   space 2176K,   0% used [0x00000000f1910000, 0x00000000f1910000, 0x00000000f1b30000)
 tenured generation   total 44300K, used 44299K [0x00000000f5aa0000, 0x00000000f85e3000, 0x0000000100000000)
   the space 44300K,  99% used [0x00000000f5aa0000, 0x00000000f85e2fb0, 0x00000000f85e3000, 0x00000000f85e3000)
 Metaspace       used 58772K, capacity 59728K, committed 60032K, reserved 1101824K
  class space    used 7460K, capacity 7754K, committed 7808K, reserved 1048576K
GC Heap History (10 events):
Event: 14.638 GC heap after
Heap after GC invocations=79 (full 4):
 def new generation   total 19648K, used 1894K [0x00000000f0800000, 0x00000000f1d50000, 0x00000000f5aa0000)
  eden space 17472K,   0% used [0x00000000f0800000, 0x00000000f0800000, 0x00000000f1910000)
  from space 2176K,  87% used [0x00000000f1910000, 0x00000000f1ae9828, 0x00000000f1b30000)
  to   space 2176K,   0% used [0x00000000f1b30000, 0x00000000f1b30000, 0x00000000f1d50000)
 tenured generation   total 43532K, used 40965K [0x00000000f5aa0000, 0x00000000f8523000, 0x0000000100000000)
   the space 43532K,  94% used [0x00000000f5aa0000, 0x00000000f82a1568, 0x00000000f82a1600, 0x00000000f8523000)
 Metaspace       used 53139K, capacity 54136K, committed 54400K, reserved 1097728K
  class space    used 6664K, capacity 6982K, committed 7040K, reserved 1048576K
}
Event: 14.970 GC heap before
{Heap before GC invocations=79 (full 4):
 def new generation   total 19648K, used 19366K [0x00000000f0800000, 0x00000000f1d50000, 0x00000000f5aa0000)
  eden space 17472K, 100% used [0x00000000f0800000, 0x00000000f1910000, 0x00000000f1910000)
  from space 2176K,  87% used [0x00000000f1910000, 0x00000000f1ae9828, 0x00000000f1b30000)
  to   space 2176K,   0% used [0x00000000f1b30000, 0x00000000f1b30000, 0x00000000f1d50000)
 tenured generation   total 43532K, used 40965K [0x00000000f5aa0000, 0x00000000f8523000, 0x0000000100000000)
   the space 43532K,  94% used [0x00000000f5aa0000, 0x00000000f82a1568, 0x00000000f82a1600, 0x00000000f8523000)
 Metaspace       used 54867K, capacity 55832K, committed 56192K, reserved 1097728K
  class space    used 6918K, capacity 7206K, committed 7296K, reserved 1048576K
Event: 14.978 GC heap after
Heap after GC invocations=80 (full 4):
 def new generation   total 19648K, used 1797K [0x00000000f0800000, 0x00000000f1d50000, 0x00000000f5aa0000)
  eden space 17472K,   0% used [0x00000000f0800000, 0x00000000f0800000, 0x00000000f1910000)
  from space 2176K,  82% used [0x00000000f1b30000, 0x00000000f1cf1760, 0x00000000f1d50000)
  to   space 2176K,   0% used [0x00000000f1910000, 0x00000000f1910000, 0x00000000f1b30000)
 tenured generation   total 43532K, used 41318K [0x00000000f5aa0000, 0x00000000f8523000, 0x0000000100000000)
   the space 43532K,  94% used [0x00000000f5aa0000, 0x00000000f82f9970, 0x00000000f82f9a00, 0x00000000f8523000)
 Metaspace       used 54867K, capacity 55832K, committed 56192K, reserved 1097728K
  class space    used 6918K, capacity 7206K, committed 7296K, reserved 1048576K
}
Event: 15.540 GC heap before
{Heap before GC invocations=80 (full 4):
 def new generation   total 19648K, used 19269K [0x00000000f0800000, 0x00000000f1d50000, 0x00000000f5aa0000)
  eden space 17472K, 100% used [0x00000000f0800000, 0x00000000f1910000, 0x00000000f1910000)
  from space 2176K,  82% used [0x00000000f1b30000, 0x00000000f1cf1760, 0x00000000f1d50000)
  to   space 2176K,   0% used [0x00000000f1910000, 0x00000000f1910000, 0x00000000f1b30000)
 tenured generation   total 43532K, used 41318K [0x00000000f5aa0000, 0x00000000f8523000, 0x0000000100000000)
   the space 43532K,  94% used [0x00000000f5aa0000, 0x00000000f82f9970, 0x00000000f82f9a00, 0x00000000f8523000)
 Metaspace       used 56504K, capacity 57432K, committed 57728K, reserved 1099776K
  class space    used 7160K, capacity 7462K, committed 7552K, reserved 1048576K
Event: 15.551 GC heap after
Heap after GC invocations=81 (full 4):
 def new generation   total 19648K, used 1952K [0x00000000f0800000, 0x00000000f1d50000, 0x00000000f5aa0000)
  eden space 17472K,   0% used [0x00000000f0800000, 0x00000000f0800000, 0x00000000f1910000)
  from space 2176K,  89% used [0x00000000f1910000, 0x00000000f1af8388, 0x00000000f1b30000)
  to   space 2176K,   0% used [0x00000000f1b30000, 0x00000000f1b30000, 0x00000000f1d50000)
 tenured generation   total 43532K, used 41702K [0x00000000f5aa0000, 0x00000000f8523000, 0x0000000100000000)
   the space 43532K,  95% used [0x00000000f5aa0000, 0x00000000f8359840, 0x00000000f8359a00, 0x00000000f8523000)
 Metaspace       used 56504K, capacity 57432K, committed 57728K, reserved 1099776K
  class space    used 7160K, capacity 7462K, committed 7552K, reserved 1048576K
}
Event: 15.948 GC heap before
{Heap before GC invocations=81 (full 4):
 def new generation   total 19648K, used 19424K [0x00000000f0800000, 0x00000000f1d50000, 0x00000000f5aa0000)
  eden space 17472K, 100% used [0x00000000f0800000, 0x00000000f1910000, 0x00000000f1910000)
  from space 2176K,  89% used [0x00000000f1910000, 0x00000000f1af8388, 0x00000000f1b30000)
  to   space 2176K,   0% used [0x00000000f1b30000, 0x00000000f1b30000, 0x00000000f1d50000)
 tenured generation   total 43532K, used 41702K [0x00000000f5aa0000, 0x00000000f8523000, 0x0000000100000000)
   the space 43532K,  95% used [0x00000000f5aa0000, 0x00000000f8359840, 0x00000000f8359a00, 0x00000000f8523000)
 Metaspace       used 57932K, capacity 58884K, committed 59136K, reserved 1101824K
  class space    used 7347K, capacity 7624K, committed 7680K, reserved 1048576K
Event: 15.963 GC heap after
Heap after GC invocations=82 (full 4):
 def new generation   total 19648K, used 1959K [0x00000000f0800000, 0x00000000f1d50000, 0x00000000f5aa0000)
  eden space 17472K,   0% used [0x00000000f0800000, 0x00000000f0800000, 0x00000000f1910000)
  from space 2176K,  90% used [0x00000000f1b30000, 0x00000000f1d19ff8, 0x00000000f1d50000)
  to   space 2176K,   0% used [0x00000000f1910000, 0x00000000f1910000, 0x00000000f1b30000)
 tenured generation   total 43532K, used 42203K [0x00000000f5aa0000, 0x00000000f8523000, 0x0000000100000000)
   the space 43532K,  96% used [0x00000000f5aa0000, 0x00000000f83d6c30, 0x00000000f83d6e00, 0x00000000f8523000)
 Metaspace       used 57932K, capacity 58884K, committed 59136K, reserved 1101824K
  class space    used 7347K, capacity 7624K, committed 7680K, reserved 1048576K
}
Event: 16.249 GC heap before
{Heap before GC invocations=82 (full 4):
 def new generation   total 19648K, used 19431K [0x00000000f0800000, 0x00000000f1d50000, 0x00000000f5aa0000)
  eden space 17472K, 100% used [0x00000000f0800000, 0x00000000f1910000, 0x00000000f1910000)
  from space 2176K,  90% used [0x00000000f1b30000, 0x00000000f1d19ff8, 0x00000000f1d50000)
  to   space 2176K,   0% used [0x00000000f1910000, 0x00000000f1910000, 0x00000000f1b30000)
 tenured generation   total 43532K, used 42203K [0x00000000f5aa0000, 0x00000000f8523000, 0x0000000100000000)
   the space 43532K,  96% used [0x00000000f5aa0000, 0x00000000f83d6c30, 0x00000000f83d6e00, 0x00000000f8523000)
 Metaspace       used 58359K, capacity 59332K, committed 59776K, reserved 1101824K
  class space    used 7408K, capacity 7688K, committed 7808K, reserved 1048576K
Event: 16.258 GC heap after
Heap after GC invocations=83 (full 4):
 def new generation   total 19648K, used 1471K [0x00000000f0800000, 0x00000000f1d50000, 0x00000000f5aa0000)
  eden space 17472K,   0% used [0x00000000f0800000, 0x00000000f0800000, 0x00000000f1910000)
  from space 2176K,  67% used [0x00000000f1910000, 0x00000000f1a7fe80, 0x00000000f1b30000)
  to   space 2176K,   0% used [0x00000000f1b30000, 0x00000000f1b30000, 0x00000000f1d50000)
 tenured generation   total 43532K, used 43062K [0x00000000f5aa0000, 0x00000000f8523000, 0x0000000100000000)
   the space 43532K,  98% used [0x00000000f5aa0000, 0x00000000f84ad970, 0x00000000f84ada00, 0x00000000f8523000)
 Metaspace       used 58359K, capacity 59332K, committed 59776K, reserved 1101824K
  class space    used 7408K, capacity 7688K, committed 7808K, reserved 1048576K
}
Event: 16.521 GC heap before
{Heap before GC invocations=83 (full 4):
 def new generation   total 19648K, used 18943K [0x00000000f0800000, 0x00000000f1d50000, 0x00000000f5aa0000)
  eden space 17472K, 100% used [0x00000000f0800000, 0x00000000f1910000, 0x00000000f1910000)
  from space 2176K,  67% used [0x00000000f1910000, 0x00000000f1a7fe80, 0x00000000f1b30000)
  to   space 2176K,   0% used [0x00000000f1b30000, 0x00000000f1b30000, 0x00000000f1d50000)
 tenured generation   total 43532K, used 43062K [0x00000000f5aa0000, 0x00000000f8523000, 0x0000000100000000)
   the space 43532K,  98% used [0x00000000f5aa0000, 0x00000000f84ad970, 0x00000000f84ada00, 0x00000000f8523000)
 Metaspace       used 58772K, capacity 59728K, committed 60032K, reserved 1101824K
  class space    used 7460K, capacity 7754K, committed 7808K, reserved 1048576K

