# JRE version: Java(TM) SE Runtime Environment (8.0_131-b11) (build 1.8.0_131-b11)
# Java VM: Java HotSpot(TM) 64-Bit Server VM (25.131-b11 mixed mode linux-amd64 compressed oops)
Heap:
 def new generation   total 9792K, used 139K [0x00000000f0800000, 0x00000000f1290000, 0x00000000f5aa0000)
  eden space 8768K,   1% used [0x00000000f0800000, 0x00000000f0822c10, 0x00000000f1090000)
  from space 1024K,   0% used [0x00000000f1090000, 0x00000000f1090000, 0x00000000f1190000)
  to   space 1024K,   0% used [0x00000000f1190000, 0x00000000f1190000, 0x00000000f1290000)
 tenured generation   total 26316K, used 26315K [0x00000000f5aa0000, 0x00000000f7453000, 0x0000000100000000)
   the space 26316K,  99% used [0x00000000f5aa0000, 0x00000000f7452fe0, 0x00000000f7453000, 0x00000000f7453000)
 Metaspace       used 21152K, capacity 21600K, committed 21632K, reserved 1069056K
  class space    used 2549K, capacity 2682K, committed 2688K, reserved 1048576K
GC Heap History (10 events):
Event: 5.162 GC heap after
Heap after GC invocations=41 (full 2):
 def new generation   total 9792K, used 1023K [0x00000000f0800000, 0x00000000f1290000, 0x00000000f5aa0000)
  eden space 8768K,   0% used [0x00000000f0800000, 0x00000000f0800000, 0x00000000f1090000)
  from space 1024K,  99% used [0x00000000f1190000, 0x00000000f128fff8, 0x00000000f1290000)
  to   space 1024K,   0% used [0x00000000f1090000, 0x00000000f1090000, 0x00000000f1190000)
 tenured generation   total 21516K, used 17114K [0x00000000f5aa0000, 0x00000000f6fa3000, 0x0000000100000000)
   the space 21516K,  79% used [0x00000000f5aa0000, 0x00000000f6b56b58, 0x00000000f6b56c00, 0x00000000f6fa3000)
 Metaspace       used 19355K, capacity 19776K, committed 19968K, reserved 1067008K
  class space    used 2329K, capacity 2458K, committed 2560K, reserved 1048576K
}
Event: 5.378 GC heap before
{Heap before GC invocations=41 (full 2):
 def new generation   total 9792K, used 9782K [0x00000000f0800000, 0x00000000f1290000, 0x00000000f5aa0000)
  eden space 8768K,  99% used [0x00000000f0800000, 0x00000000f108da20, 0x00000000f1090000)
  from space 1024K,  99% used [0x00000000f1190000, 0x00000000f128fff8, 0x00000000f1290000)
  to   space 1024K,   0% used [0x00000000f1090000, 0x00000000f1090000, 0x00000000f1190000)
 tenured generation   total 21516K, used 17114K [0x00000000f5aa0000, 0x00000000f6fa3000, 0x0000000100000000)
   the space 21516K,  79% used [0x00000000f5aa0000, 0x00000000f6b56b58, 0x00000000f6b56c00, 0x00000000f6fa3000)
 Metaspace       used 20780K, capacity 21184K, committed 21376K, reserved 1069056K
  class space    used 2519K, capacity 2650K, committed 2688K, reserved 1048576K
Event: 5.387 GC heap after
Heap after GC invocations=42 (full 2):
 def new generation   total 9792K, used 814K [0x00000000f0800000, 0x00000000f1290000, 0x00000000f5aa0000)
  eden space 8768K,   0% used [0x00000000f0800000, 0x00000000f0800000, 0x00000000f1090000)
  from space 1024K,  79% used [0x00000000f1090000, 0x00000000f115bae0, 0x00000000f1190000)
  to   space 1024K,   0% used [0x00000000f1190000, 0x00000000f1190000, 0x00000000f1290000)
 tenured generation   total 21516K, used 17942K [0x00000000f5aa0000, 0x00000000f6fa3000, 0x0000000100000000)
   the space 21516K,  83% used [0x00000000f5aa0000, 0x00000000f6c25ad0, 0x00000000f6c25c00, 0x00000000f6fa3000)
 Metaspace       used 20780K, capacity 21184K, committed 21376K, reserved 1069056K
  class space    used 2519K, capacity 2650K, committed 2688K, reserved 1048576K
}
Event: 5.389 GC heap before
{Heap before GC invocations=42 (full 2):
 def new generation   total 9792K, used 9563K [0x00000000f0800000, 0x00000000f1290000, 0x00000000f5aa0000)
  eden space 8768K,  99% used [0x00000000f0800000, 0x00000000f108b478, 0x00000000f1090000)
  from space 1024K,  79% used [0x00000000f1090000, 0x00000000f115bae0, 0x00000000f1190000)
  to   space 1024K,   0% used [0x00000000f1190000, 0x00000000f1190000, 0x00000000f1290000)
 tenured generation   total 21516K, used 17942K [0x00000000f5aa0000, 0x00000000f6fa3000, 0x0000000100000000)
   the space 21516K,  83% used [0x00000000f5aa0000, 0x00000000f6c25ad0, 0x00000000f6c25c00, 0x00000000f6fa3000)
 Metaspace       used 20780K, capacity 21184K, committed 21376K, reserved 1069056K
  class space    used 2519K, capacity 2650K, committed 2688K, reserved 1048576K
Event: 5.390 GC heap after
Heap after GC invocations=43 (full 2):
 def new generation   total 9792K, used 39K [0x00000000f0800000, 0x00000000f1290000, 0x00000000f5aa0000)
  eden space 8768K,   0% used [0x00000000f0800000, 0x00000000f0800000, 0x00000000f1090000)
  from space 1024K,   3% used [0x00000000f1190000, 0x00000000f1199f98, 0x00000000f1290000)
  to   space 1024K,   0% used [0x00000000f1090000, 0x00000000f1090000, 0x00000000f1190000)
 tenured generation   total 21516K, used 18737K [0x00000000f5aa0000, 0x00000000f6fa3000, 0x0000000100000000)
   the space 21516K,  87% used [0x00000000f5aa0000, 0x00000000f6cec400, 0x00000000f6cec400, 0x00000000f6fa3000)
 Metaspace       used 20780K, capacity 21184K, committed 21376K, reserved 1069056K
  class space    used 2519K, capacity 2650K, committed 2688K, reserved 1048576K
}
Event: 5.406 GC heap before
{Heap before GC invocations=43 (full 2):
 def new generation   total 9792K, used 8807K [0x00000000f0800000, 0x00000000f1290000, 0x00000000f5aa0000)
  eden space 8768K, 100% used [0x00000000f0800000, 0x00000000f1090000, 0x00000000f1090000)
  from space 1024K,   3% used [0x00000000f1190000, 0x00000000f1199f98, 0x00000000f1290000)
  to   space 1024K,   0% used [0x00000000f1090000, 0x00000000f1090000, 0x00000000f1190000)
 tenured generation   total 21516K, used 18737K [0x00000000f5aa0000, 0x00000000f6fa3000, 0x0000000100000000)
   the space 21516K,  87% used [0x00000000f5aa0000, 0x00000000f6cec400, 0x00000000f6cec400, 0x00000000f6fa3000)
 Metaspace       used 20781K, capacity 21184K, committed 21376K, reserved 1069056K
  class space    used 2519K, capacity 2650K, committed 2688K, reserved 1048576K
Event: 5.407 GC heap after
Heap after GC invocations=44 (full 2):
 def new generation   total 9792K, used 300K [0x00000000f0800000, 0x00000000f1290000, 0x00000000f5aa0000)
  eden space 8768K,   0% used [0x00000000f0800000, 0x00000000f0800000, 0x00000000f1090000)
  from space 1024K,  29% used [0x00000000f1090000, 0x00000000f10db280, 0x00000000f1190000)
  to   space 1024K,   0% used [0x00000000f1190000, 0x00000000f1190000, 0x00000000f1290000)
 tenured generation   total 21516K, used 18737K [0x00000000f5aa0000, 0x00000000f6fa3000, 0x0000000100000000)
   the space 21516K,  87% used [0x00000000f5aa0000, 0x00000000f6cec400, 0x00000000f6cec400, 0x00000000f6fa3000)
 Metaspace       used 20781K, capacity 21184K, committed 21376K, reserved 1069056K
  class space    used 2519K, capacity 2650K, committed 2688K, reserved 1048576K
}
Event: 5.671 GC heap before
{Heap before GC invocations=44 (full 2):
 def new generation   total 9792K, used 9068K [0x00000000f0800000, 0x00000000f1290000, 0x00000000f5aa0000)
  eden space 8768K, 100% used [0x00000000f0800000, 0x00000000f1090000, 0x00000000f1090000)
  from space 1024K,  29% used [0x00000000f1090000, 0x00000000f10db280, 0x00000000f1190000)
  to   space 1024K,   0% used [0x00000000f1190000, 0x00000000f1190000, 0x00000000f1290000)
 tenured generation   total 21516K, used 18737K [0x00000000f5aa0000, 0x00000000f6fa3000, 0x0000000100000000)
   the space 21516K,  87% used [0x00000000f5aa0000, 0x00000000f6cec400, 0x00000000f6cec400, 0x00000000f6fa3000)
 Metaspace       used 21152K, capacity 21600K, committed 21632K, reserved 1069056K
  class space    used 2549K, capacity 2682K, committed 2688K, reserved 1048576K
Event: 5.690 GC heap after
Heap after GC invocations=45 (full 2):
 def new generation   total 9792K, used 1024K [0x00000000f0800000, 0x00000000f1290000, 0x00000000f5aa0000)
  eden space 8768K,   0% used [0x00000000f0800000, 0x00000000f0800000, 0x00000000f1090000)
  from space 1024K, 100% used [0x00000000f1190000, 0x00000000f1290000, 0x00000000f1290000)
  to   space 1024K,   0% used [0x00000000f1090000, 0x00000000f1090000, 0x00000000f1190000)
 tenured generation   total 21516K, used 21349K [0x00000000f5aa0000, 0x00000000f6fa3000, 0x0000000100000000)
   the space 21516K,  99% used [0x00000000f5aa0000, 0x00000000f6f79590, 0x00000000f6f79600, 0x00000000f6fa3000)
 Metaspace       used 21152K, capacity 21600K, committed 21632K, reserved 1069056K
  class space    used 2549K, capacity 2682K, committed 2688K, reserved 1048576K
}
Event: 5.800 GC heap before
{Heap before GC invocations=45 (full 2):
 def new generation   total 9792K, used 9792K [0x00000000f0800000, 0x00000000f1290000, 0x00000000f5aa0000)
  eden space 8768K, 100% used [0x00000000f0800000, 0x00000000f1090000, 0x00000000f1090000)
  from space 1024K, 100% used [0x00000000f1190000, 0x00000000f1290000, 0x00000000f1290000)
  to   space 1024K,   0% used [0x00000000f1090000, 0x00000000f1090000, 0x00000000f1190000)
 tenured generation   total 21516K, used 21349K [0x00000000f5aa0000, 0x00000000f6fa3000, 0x0000000100000000)
   the space 21516K,  99% used [0x00000000f5aa0000, 0x00000000f6f79590, 0x00000000f6f79600, 0x00000000f6fa3000)
 Metaspace       used 21152K, capacity 21600K, committed 21632K, reserved 1069056K
  class space    used 2549K, capacity 2682K, committed 2688K, reserved 1048576K

